This is pdfTeX, Version 3.14159265-2.6-1.40.21 (MiKTeX 20.6.29) (preloaded format=pdflatex 2020.8.11)  11 AUG 2020 19:03
entering extended mode
**./00.tex
(00.tex
LaTeX2e <2020-02-02> patch level 5
L3 programming layer <2020-06-18>
(C:\Users\GanGss\AppData\Local\Programs\MiKTeX\tex/latex/abntex2\abntex2.cls
Document Class: abntex2 2018/11/24 v-1.9.7 abnTeX2
(C:\Users\GanGss\AppData\Local\Programs\MiKTeX\tex/latex/base\ifthen.sty
Package: ifthen 2014/09/29 v1.1c Standard LaTeX ifthen package (DPC)
)
(C:\Users\GanGss\AppData\Local\Programs\MiKTeX\tex/latex/memoir\memoir.cls
Document Class: memoir 2020/06/02 v3.7l configurable book, report, article docu
ment class
\onelineskip=\skip47
\lxvchars=\skip48
\xlvchars=\skip49
\@memcnta=\count167
\c@@memmarkcntra=\count168
LaTeX Info: Redefining \InputIfFileExists on input line 140.
(C:\Users\GanGss\AppData\Local\Programs\MiKTeX\tex/generic/iftex\iftex.sty
Package: iftex 2020/03/06 v1.0d TeX engine tests
)
\stockheight=\skip50
\stockwidth=\skip51
\trimtop=\skip52
\trimedge=\skip53

(C:\Users\GanGss\AppData\Local\Programs\MiKTeX\tex/latex/memoir\mem12.clo
File: mem12.clo 2010/10/19 v0.4b memoir class 12pt size option
)
\binding=\skip54
\spinemargin=\skip55
\foremargin=\skip56
\uppermargin=\skip57
\lowermargin=\skip58
\headdrop=\skip59
\normalrulethickness=\skip60
\mem@maxheadheight=\skip61
\mem@maxfootheight=\skip62
\headwidth=\skip63
\c@storedpagenumber=\count169
\memPD=\dimen134
\m@mabparskip=\skip64
\thanksmarkwidth=\skip65
\thanksmarksep=\skip66
\droptitle=\skip67
\c@book=\count170
\c@part=\count171
\c@chapter=\count172
\c@section=\count173
\c@subsection=\count174
\c@subsubsection=\count175
\c@paragraph=\count176
\c@subparagraph=\count177
\beforechapskip=\skip68
\midchapskip=\skip69
\afterchapskip=\skip70
\chapindent=\skip71
\bottomsectionskip=\skip72
\secindent=\skip73
\beforesecskip=\skip74
\aftersecskip=\skip75
\subsecindent=\skip76
\beforesubsecskip=\skip77
\aftersubsecskip=\skip78
\subsubsecindent=\skip79
\beforesubsubsecskip=\skip80
\aftersubsubsecskip=\skip81
\paraindent=\skip82
\beforeparaskip=\skip83
\afterparaskip=\skip84
\subparaindent=\skip85
\beforesubparaskip=\skip86
\aftersubparaskip=\skip87
\pfbreakskip=\skip88
\c@@ppsavesec=\count178
\c@@ppsaveapp=\count179
\ragrparindent=\dimen135
\everylistparindent=\dimen136
\parsepi=\skip89
\topsepi=\skip90
\itemsepi=\skip91
\parsepii=\skip92
\topsepii=\skip93
\topsepiii=\skip94
\itemsepii=\skip95
\itemsepiii=\skip96
\partopsepii=\skip97
\partopsepiii=\skip98
\m@msavetopsep=\skip99
\m@msavepartopsep=\skip100
\@enLab=\toks15
\abstitleskip=\skip101
\absleftindent=\skip102
\abs@leftindent=\dimen137
\absrightindent=\skip103
\absparindent=\skip104
\absparsep=\skip105
\c@vslineno=\count180
\c@poemline=\count181
\c@modulo@vs=\count182
\c@memfvsline=\count183
\vleftskip=\skip106
\vrightskip=\skip107
\stanzaskip=\skip108
\versewidth=\skip109
\vgap=\skip110
\vindent=\skip111
\vleftmargin=\dimen138
\c@verse=\count184
\c@chrsinstr=\count185
\beforepoemtitleskip=\skip112
\afterpoemtitleskip=\skip113
\c@poem=\count186
\beforePoemTitleskip=\skip114
\midPoemTitleskip=\skip115
\afterPoemTitleskip=\skip116

(C:\Users\GanGss\AppData\Local\Programs\MiKTeX\tex/latex/tools\array.sty
Package: array 2019/08/31 v2.4l Tabular extension package (FMi)
\col@sep=\dimen139
\ar@mcellbox=\box45
\extrarowheight=\dimen140
\NC@list=\toks16
\extratabsurround=\skip117
\backup@length=\skip118
\ar@cellbox=\box46
)
(C:\Users\GanGss\AppData\Local\Programs\MiKTeX\tex/latex/tools\dcolumn.sty
Package: dcolumn 2014/10/28 v1.06 decimal alignment package (DPC)
)
(C:\Users\GanGss\AppData\Local\Programs\MiKTeX\tex/latex/tools\delarray.sty
Package: delarray 2014/10/28 v1.01 array delimiter package (DPC)
)
(C:\Users\GanGss\AppData\Local\Programs\MiKTeX\tex/latex/tools\tabularx.sty
Package: tabularx 2020/01/15 v2.11c `tabularx' package (DPC)
\TX@col@width=\dimen141
\TX@old@table=\dimen142
\TX@old@col=\dimen143
\TX@target=\dimen144
\TX@delta=\dimen145
\TX@cols=\count187
\TX@ftn=\toks17
)
\heavyrulewidth=\dimen146
\lightrulewidth=\dimen147
\cmidrulewidth=\dimen148
\belowrulesep=\dimen149
\belowbottomsep=\dimen150
\aboverulesep=\dimen151
\abovetopsep=\dimen152
\cmidrulesep=\dimen153
\cmidrulekern=\dimen154
\defaultaddspace=\dimen155
\@cmidla=\count188
\@cmidlb=\count189
\@aboverulesep=\dimen156
\@belowrulesep=\dimen157
\@thisruleclass=\count190
\@lastruleclass=\count191
\@thisrulewidth=\dimen158
\ctableftskip=\skip119
\ctabrightskip=\skip120
\abovecolumnspenalty=\count192
\@linestogo=\count193
\@cellstogo=\count194
\@cellsincolumn=\count195
\crtok=\toks18
\@mincolumnwidth=\dimen159
\c@newflo@tctr=\count196
\mem@margin@floatbox=\box47
\@contcwidth=\skip121
\@contindw=\skip122
\abovecaptionskip=\skip123
\belowcaptionskip=\skip124
\subfloattopskip=\skip125
\subfloatcapskip=\skip126
\subfloatcaptopadj=\skip127
\subfloatbottomskip=\skip128
\subfloatlabelskip=\skip129
\subfloatcapmargin=\dimen160
\c@@contsubnum=\count197
\m@mscap@capbox=\box48
\m@mscap@fbox=\box49
\sidecapsep=\dimen161
\sidecapwidth=\dimen162
\m@m@tempdima=\dimen163
\m@mscapraise=\dimen164
\sidecapraise=\dimen165
\m@mscapmainwidth=\dimen166
\m@mscaplkern=\dimen167
\beforeepigraphskip=\skip130
\afterepigraphskip=\skip131
\epigraphwidth=\skip132
\epigraphrule=\skip133
LaTeX Info: Redefining \em on input line 7664.
LaTeX Info: Redefining \emph on input line 7672.
\tocentryskip=\skip134
\tocbaseline=\skip135
\cftparskip=\skip136
\cftbeforebookskip=\skip137
\cftbookindent=\dimen168
\cftbooknumwidth=\dimen169
\cftbeforepartskip=\skip138
\cftpartindent=\skip139
\cftpartnumwidth=\skip140
\cftbeforechapterskip=\skip141
\cftchapterindent=\skip142
\cftchapternumwidth=\skip143
\cftbeforesectionskip=\skip144
\cftsectionindent=\skip145
\cftsectionnumwidth=\skip146
\cftbeforesubsectionskip=\skip147
\cftsubsectionindent=\skip148
\cftsubsectionnumwidth=\skip149
\cftbeforesubsubsectionskip=\skip150
\cftsubsubsectionindent=\skip151
\cftsubsubsectionnumwidth=\skip152
\cftbeforeparagraphskip=\skip153
\cftparagraphindent=\skip154
\cftparagraphnumwidth=\skip155
\cftbeforesubparagraphskip=\skip156
\cftsubparagraphindent=\skip157
\cftsubparagraphnumwidth=\skip158
\prechapterprecisshift=\dimen170
\c@maxsecnumdepth=\count198
\bibindent=\dimen171
\bibitemsep=\skip159
\indexcolsep=\skip160
\indexrule=\skip161
\indexmarkstyle=\toks19
\@indexbox=\insert199
\glossarycolsep=\dimen172
\glossaryrule=\dimen173
\sideparvshift=\skip162
\sideins=\insert252
\sidebartopsep=\skip163
\sidebarhsep=\skip164
\sidebarvsep=\skip165
\sidebarwidth=\skip166
\footmarkwidth=\skip167
\footmarksep=\skip168
\footparindent=\skip169
\footinsdim=\skip170
\footinsv@r=\insert251
\@mpfootinsv@r=\insert250
\m@m@k=\count266
\m@m@h=\dimen174
\m@mipn@skip=\skip171
\sidefootins=\insert249
\sidefootadjust=\skip172
\sidefootheight=\skip173
\sidefoothsep=\skip174
\sidefootvsep=\skip175
\sidefootwidth=\skip176
\m@mdownsf=\skip177
\c@sidefootnote=\count267
\sidefootmarkwidth=\skip178
\sidefootmarksep=\skip179
\sidefootparindent=\skip180
\c@pagenote=\count268
\c@pagenoteshadow=\count269
\mem@pn@lastkern=\skip181
\every@verbatim=\toks20
\afterevery@verbatim=\toks21
\verbatim@line=\toks22
\tab@position=\count270
\verbatim@in@stream=\read2
\verbatimindent=\skip182
\verbatim@out=\write3
\bvboxsep=\skip183
\c@memfbvline=\count271
\c@bvlinectr=\count272
\bvnumlength=\skip184
\fb@frw=\dimen175
\fb@frh=\dimen176
\FrameRule=\dimen177
\FrameSep=\dimen178
\c@cp@cntr=\count273
LaTeX Info: Redefining \: on input line 12199.
LaTeX Info: Redefining \! on input line 12199.
\c@ism@mctr=\count274
\c@xsm@mctr=\count275
\c@csm@mctr=\count276
\c@ksm@mctr=\count277
\c@xksm@mctr=\count278
\c@cksm@mctr=\count279
\c@msm@mctr=\count280
\c@xmsm@mctr=\count281
\c@cmsm@mctr=\count282
\c@bsm@mctr=\count283
\c@workm@mctr=\count284
\c@sheetsequence=\count285
\c@lastsheet=\count286
\c@lastpage=\count287

(C:\Users\GanGss\AppData\Local\Programs\MiKTeX\tex/latex/textcase\textcase.sty
Package: textcase 2019/09/14 v1.00 Text only upper/lower case changing (DPC)
)
\c@figure=\count288
\c@lofdepth=\count289
\cftbeforefigureskip=\skip185
\cftfigureindent=\skip186
\cftfigurenumwidth=\skip187
\c@table=\count290
\c@lotdepth=\count291
\cftbeforetableskip=\skip188
\cfttableindent=\skip189
\cfttablenumwidth=\skip190
Package abstract [2008/07/23] emulated by memoir.
Package appendix [2008/07/23] emulated by memoir.
Package booktabs [2016/05/16] emulated by memoir.
Package ccaption [2008/07/23] emulated by memoir.
Package changepage [2008/07/23] emulated by memoir.
Package chngcntr [2008/07/23] emulated by memoir.
Package chngpage [2008/07/23] emulated by memoir.
Package crop emulated by memoir.
Package enumerate [2008/07/23] emulated by memoir.
Package epigraph [2008/07/23] emulated by memoir.
Package ifmtarg [2008/07/23] emulated by memoir.
Package index [2008/07/23] emulated by memoir.
Package makeidx [2008/07/23] emulated by memoir.
Package moreverb [2008/07/23] emulated by memoir.
Package mparhack [2008/07/23] emulated by memoir.
Package needspace [2008/07/23] emulated by memoir.
Package newfile [2008/07/23] emulated by memoir.
Package nextpage [2008/07/23] emulated by memoir.
Package pagenote [2008/07/23] emulated by memoir.
Package parskip [2008/07/23] emulated by memoir.
Package patchcmd [2008/07/23] emulated by memoir.
Package setspace [2008/07/23] emulated by memoir.
Package shortvrb [2008/07/23] emulated by memoir.
Package showidx [2008/07/23] emulated by memoir.
Package titleref [2008/07/23] emulated by memoir.
Package titling [2008/07/23] emulated by memoir.
Package tocbibind [2008/07/23] emulated by memoir.
Package tocloft [2008/07/23] emulated by memoir.
Package tocvsec2 [2008/07/23] emulated by memoir.
Package verbatim [2008/07/23] emulated by memoir.
Package verse [2008/07/23] emulated by memoir.
)
(C:\Users\GanGss\AppData\Local\Programs\MiKTeX\tex/latex/hyperref\hyperref.sty
Package: hyperref 2020-05-15 v7.00e Hypertext links for LaTeX

(C:\Users\GanGss\AppData\Local\Programs\MiKTeX\tex/generic/ltxcmds\ltxcmds.sty
Package: ltxcmds 2019/12/15 v1.24 LaTeX kernel commands for general use (HO)
)
(C:\Users\GanGss\AppData\Local\Programs\MiKTeX\tex/generic/pdftexcmds\pdftexcmd
s.sty
Package: pdftexcmds 2020-06-27 v0.33 Utility functions of pdfTeX for LuaTeX (HO
)

(C:\Users\GanGss\AppData\Local\Programs\MiKTeX\tex/generic/infwarerr\infwarerr.
sty
Package: infwarerr 2019/12/03 v1.5 Providing info/warning/error messages (HO)
)
Package pdftexcmds Info: \pdf@primitive is available.
Package pdftexcmds Info: \pdf@ifprimitive is available.
Package pdftexcmds Info: \pdfdraftmode found.
)
(C:\Users\GanGss\AppData\Local\Programs\MiKTeX\tex/latex/graphics\keyval.sty
Package: keyval 2014/10/28 v1.15 key=value parser (DPC)
\KV@toks@=\toks23
)
(C:\Users\GanGss\AppData\Local\Programs\MiKTeX\tex/generic/kvsetkeys\kvsetkeys.
sty
Package: kvsetkeys 2019/12/15 v1.18 Key value parser (HO)
)
(C:\Users\GanGss\AppData\Local\Programs\MiKTeX\tex/generic/kvdefinekeys\kvdefin
ekeys.sty
Package: kvdefinekeys 2019-12-19 v1.6 Define keys (HO)
)
(C:\Users\GanGss\AppData\Local\Programs\MiKTeX\tex/generic/pdfescape\pdfescape.
sty
Package: pdfescape 2019/12/09 v1.15 Implements pdfTeX's escape features (HO)
)
(C:\Users\GanGss\AppData\Local\Programs\MiKTeX\tex/latex/hycolor\hycolor.sty
Package: hycolor 2020-01-27 v1.10 Color options for hyperref/bookmark (HO)
)
(C:\Users\GanGss\AppData\Local\Programs\MiKTeX\tex/latex/letltxmacro\letltxmacr
o.sty
Package: letltxmacro 2019/12/03 v1.6 Let assignment for LaTeX macros (HO)
)
(C:\Users\GanGss\AppData\Local\Programs\MiKTeX\tex/latex/auxhook\auxhook.sty
Package: auxhook 2019-12-17 v1.6 Hooks for auxiliary files (HO)
)
(C:\Users\GanGss\AppData\Local\Programs\MiKTeX\tex/latex/kvoptions\kvoptions.st
y
Package: kvoptions 2019/11/29 v3.13 Key value format for package options (HO)
)
\@linkdim=\dimen179
\Hy@linkcounter=\count292
\Hy@pagecounter=\count293
 (C:\Users\GanGss\AppData\Local\Programs\MiKTeX\tex/latex/hyperref\pd1enc.def
File: pd1enc.def 2020-05-15 v7.00e Hyperref: PDFDocEncoding definition (HO)
Now handling font encoding PD1 ...
... no UTF-8 mapping file for font encoding PD1
)
(C:\Users\GanGss\AppData\Local\Programs\MiKTeX\tex/generic/intcalc\intcalc.sty
Package: intcalc 2019/12/15 v1.3 Expandable calculations with integers (HO)
)
(C:\Users\GanGss\AppData\Local\Programs\MiKTeX\tex/generic/etexcmds\etexcmds.st
y
Package: etexcmds 2019/12/15 v1.7 Avoid name clashes with e-TeX commands (HO)
)
\Hy@SavedSpaceFactor=\count294
Package hyperref Info: Hyper figures OFF on input line 4464.
Package hyperref Info: Link nesting OFF on input line 4469.
Package hyperref Info: Hyper index ON on input line 4472.
Package hyperref Info: Plain pages OFF on input line 4479.
Package hyperref Info: Backreferencing OFF on input line 4484.
Package hyperref Info: Implicit mode ON; LaTeX internals redefined.
Package hyperref Info: Bookmarks ON on input line 4717.
\c@Hy@tempcnt=\count295
 (C:\Users\GanGss\AppData\Local\Programs\MiKTeX\tex/latex/url\url.sty
\Urlmuskip=\muskip16
Package: url 2013/09/16  ver 3.4  Verb mode for urls, etc.
)
LaTeX Info: Redefining \url on input line 5076.
\XeTeXLinkMargin=\dimen180

(C:\Users\GanGss\AppData\Local\Programs\MiKTeX\tex/generic/bitset\bitset.sty
Package: bitset 2019/12/09 v1.3 Handle bit-vector datatype (HO)

(C:\Users\GanGss\AppData\Local\Programs\MiKTeX\tex/generic/bigintcalc\bigintcal
c.sty
Package: bigintcalc 2019/12/15 v1.5 Expandable calculations on big integers (HO
)
))
\Fld@menulength=\count296
\Field@Width=\dimen181
\Fld@charsize=\dimen182
Package hyperref Info: Hyper figures OFF on input line 6347.
Package hyperref Info: Link nesting OFF on input line 6352.
Package hyperref Info: Hyper index ON on input line 6355.
Package hyperref Info: backreferencing OFF on input line 6362.
Package hyperref Info: Link coloring OFF on input line 6367.
Package hyperref Info: Link coloring with OCG OFF on input line 6372.
Package hyperref Info: PDF/A mode OFF on input line 6377.
LaTeX Info: Redefining \ref on input line 6417.
LaTeX Info: Redefining \pageref on input line 6421.

(C:\Users\GanGss\AppData\Local\Programs\MiKTeX\tex/generic/atbegshi\atbegshi.st
y
Package: atbegshi 2019/12/05 v1.19 At begin shipout hook (HO)
)
\Hy@abspage=\count297
\c@Item=\count298
\c@Hfootnote=\count299
)
(C:\Users\GanGss\AppData\Local\Programs\MiKTeX\tex/latex/memoir\memhfixc.sty
Package: memhfixc 2019/10/24 v1.18 nameref/hyperref package fixes for memoir cl
ass
\c@memhycontfloat=\count300
\c@Hpagenote=\count301
)
Package hyperref Info: Driver (autodetected): hpdftex.

(C:\Users\GanGss\AppData\Local\Programs\MiKTeX\tex/latex/hyperref\hpdftex.def
File: hpdftex.def 2020-05-15 v7.00e Hyperref driver for pdfTeX

(C:\Users\GanGss\AppData\Local\Programs\MiKTeX\tex/latex/atveryend\atveryend.st
y
Package: atveryend 2019-12-11 v1.11 Hooks at the very end of document (HO)
Package atveryend Info: \enddocument detected (standard20110627).
)
\Fld@listcount=\count302
\c@bookmark@seq@number=\count303

(C:\Users\GanGss\AppData\Local\Programs\MiKTeX\tex/latex/rerunfilecheck\rerunfi
lecheck.sty
Package: rerunfilecheck 2019/12/05 v1.9 Rerun checks for auxiliary files (HO)

(C:\Users\GanGss\AppData\Local\Programs\MiKTeX\tex/generic/uniquecounter\unique
counter.sty
Package: uniquecounter 2019/12/15 v1.4 Provide unlimited unique counter (HO)
)
Package uniquecounter Info: New unique counter `rerunfilecheck' on input line 2
86.
)
\Hy@SectionHShift=\skip191
)
(C:\Users\GanGss\AppData\Local\Programs\MiKTeX\tex/latex/bookmark\bookmark.sty
Package: bookmark 2019/12/03 v1.28 PDF bookmarks (HO)

(C:\Users\GanGss\AppData\Local\Programs\MiKTeX\tex/latex/bookmark\bkm-pdftex.de
f
File: bkm-pdftex.def 2019/12/03 v1.28 bookmark driver for pdfTeX (HO)
\BKM@id=\count304
)) (C:\Users\GanGss\AppData\Local\Programs\MiKTeX\tex/generic/babel\babel.sty
Package: babel 2020/06/10 3.45 The Babel package

(C:\Users\GanGss\AppData\Local\Programs\MiKTeX\tex/generic/babel\babel.def
File: babel.def 2020/06/10 3.45 Babel common definitions
\babel@savecnt=\count305
\U@D=\dimen183
\l@babelnohyphens=\language79

(C:\Users\GanGss\AppData\Local\Programs\MiKTeX\tex/generic/babel\txtbabel.def)
\bbl@readstream=\read3
)
\bbl@dirlevel=\count306
*************************************
* Local config file bblopts.cfg used
*
(C:\Users\GanGss\AppData\Local\Programs\MiKTeX\tex/latex/arabi\bblopts.cfg
File: bblopts.cfg 2005/09/08 v0.1 add Arabic and Farsi to "declared" options of
 babel
)
(C:\Users\GanGss\AppData\Local\Programs\MiKTeX\tex/latex/babel-portuges\brazil.
ldf
Language: portuges 2020/05/04 v1.2r Portuguese support from the babel system
Package babel Info: \l@brazil = using hyphenrules for portuguese
(babel)             (\language56) on input line 111.
Package babel Info: Making " an active character on input line 143.
))
(C:\Users\GanGss\AppData\Local\Programs\MiKTeX\tex/latex/enumitem\enumitem.sty
Package: enumitem 2019/06/20 v3.9 Customized lists
\labelindent=\skip192
\enit@outerparindent=\dimen184
\enit@toks=\toks24
\enit@inbox=\box50
\enit@count@id=\count307
\enitdp@description=\count308
) (C:\Users\GanGss\AppData\Local\Programs\MiKTeX\tex/latex/tools\calc.sty
Package: calc 2017/05/25 v4.3 Infix arithmetic (KKT,FJ)
\calc@Acount=\count309
\calc@Bcount=\count310
\calc@Adimen=\dimen185
\calc@Bdimen=\dimen186
\calc@Askip=\skip193
\calc@Bskip=\skip194
LaTeX Info: Redefining \setlength on input line 80.
LaTeX Info: Redefining \addtolength on input line 81.
\calc@Ccount=\count311
\calc@Cskip=\skip195
)

******************************************************
Stock height and width: 845.04684pt by 597.50787pt
Top and edge trims: 0pt and 0pt
Page height and width: 845.04684pt by 597.50787pt
Text height and width: 708pt by 455pt
Spine and edge margins: 85.35826pt and 56.9055pt
Upper and lower margins: 85.35826pt and 51.68858pt
Headheight and headsep: 14.5pt and 19.8738pt
Footskip: 30pt
Columnsep and columnseprule: 10pt and 0pt
Marginparsep and marginparwidth: 7pt and 42.9055pt
Sidecapsep and sidecapwidth: 7pt and 42pt
Sidebarhsep and sidebarwidth: 7pt and 42pt
Sidebarvsep and sidebartopsep: 14.5pt and 0pt
Sidebarheight: 590.14995pt
Sidefoothsep and sidefootwidth: 7pt and 42pt
Sidefootvsep and sidefootheight: 14.5pt and 590.14995pt
******************************************************

\c@abntex@bookmarkcounter=\count312
\cftlastnumwidth=\skip196
\chapternamenumlength=\skip197
\ABNTEXcitacaorecuo=\skip198
\c@alineasi=\count313
\c@alineasii=\count314
\enitdp@alineas=\count315
\c@subalineasi=\count316
\enitdp@subalineas=\count317
\c@incisosi=\count318
\enitdp@incisos=\count319
\ABNTEXsignwidth=\skip256
\ABNTEXsignthickness=\skip257
\ABNTEXsignskip=\skip258
) (1-preambulo.tex
(C:\Users\GanGss\AppData\Local\Programs\MiKTeX\tex/latex/base\inputenc.sty
Package: inputenc 2018/08/11 v1.3c Input encoding file
\inpenc@prehook=\toks25
\inpenc@posthook=\toks26
)
(C:\Users\GanGss\AppData\Local\Programs\MiKTeX\tex/latex/psnfss\helvet.sty
Package: helvet 2020/03/25 PSNFSS-v9.3 (WaS) 
)
(C:\Users\GanGss\AppData\Local\Programs\MiKTeX\tex/latex/xcolor\xcolor.sty
Package: xcolor 2016/05/11 v2.12 LaTeX color extensions (UK)

(C:\Users\GanGss\AppData\Local\Programs\MiKTeX\tex/latex/graphics-cfg\color.cfg
File: color.cfg 2016/01/02 v1.6 sample color configuration
)
Package xcolor Info: Driver file: pdftex.def on input line 225.

(C:\Users\GanGss\AppData\Local\Programs\MiKTeX\tex/latex/graphics-def\pdftex.de
f
File: pdftex.def 2018/01/08 v1.0l Graphics/color driver for pdftex
)
(C:\Users\GanGss\AppData\Local\Programs\MiKTeX\tex/latex/colortbl\colortbl.sty
Package: colortbl 2020/01/04 v1.0e Color table columns (DPC)
\everycr=\toks27
\minrowclearance=\skip259
)
\rownum=\count320
Package xcolor Info: Model `cmy' substituted by `cmy0' on input line 1348.
Package xcolor Info: Model `hsb' substituted by `rgb' on input line 1352.
Package xcolor Info: Model `RGB' extended on input line 1364.
Package xcolor Info: Model `HTML' substituted by `rgb' on input line 1366.
Package xcolor Info: Model `Hsb' substituted by `hsb' on input line 1367.
Package xcolor Info: Model `tHsb' substituted by `hsb' on input line 1368.
Package xcolor Info: Model `HSB' substituted by `hsb' on input line 1369.
Package xcolor Info: Model `Gray' substituted by `gray' on input line 1370.
Package xcolor Info: Model `wave' substituted by `hsb' on input line 1371.
)
(C:\Users\GanGss\AppData\Local\Programs\MiKTeX\tex/latex/multirow\multirow.sty
Package: multirow 2019/05/31 v2.5 Span multiple rows of a table
\multirow@colwidth=\skip260
\multirow@cntb=\count321
\multirow@dima=\skip261
\bigstrutjot=\dimen187
) (C:\Users\GanGss\AppData\Local\Programs\MiKTeX\tex/latex/graphics\graphicx.st
y
Package: graphicx 2019/11/30 v1.2a Enhanced LaTeX Graphics (DPC,SPQR)
(C:\Users\GanGss\AppData\Local\Programs\MiKTeX\tex/latex/graphics\graphics.sty
Package: graphics 2019/11/30 v1.4a Standard LaTeX Graphics (DPC,SPQR)

(C:\Users\GanGss\AppData\Local\Programs\MiKTeX\tex/latex/graphics\trig.sty
Package: trig 2016/01/03 v1.10 sin cos tan (DPC)
)
(C:\Users\GanGss\AppData\Local\Programs\MiKTeX\tex/latex/graphics-cfg\graphics.
cfg
File: graphics.cfg 2016/06/04 v1.11 sample graphics configuration
)
Package graphics Info: Driver file: pdftex.def on input line 105.
)
\Gin@req@height=\dimen188
\Gin@req@width=\dimen189
)
(C:\Users\GanGss\AppData\Local\Programs\MiKTeX\tex/latex/pdfpages\pdfpages.sty
Package: pdfpages 2020/01/28 v0.5q Insert pages of external PDF documents (AM)

(C:\Users\GanGss\AppData\Local\Programs\MiKTeX\tex/latex/eso-pic\eso-pic.sty
Package: eso-pic 2018/04/12 v2.0h eso-pic (RN)
)
\AM@pagewidth=\dimen190
\AM@pageheight=\dimen191

(C:\Users\GanGss\AppData\Local\Programs\MiKTeX\tex/latex/pdfpages\pppdftex.def
File: pppdftex.def 2020/01/28 v0.5q Pdfpages driver for pdfTeX (AM)
)
\AM@pagebox=\box51
\AM@global@opts=\toks28
\AM@pagecnt=\count322
\AM@toc@title=\toks29
\c@AM@survey=\count323
\AM@templatesizebox=\box52
) (C:\Users\GanGss\AppData\Local\Programs\MiKTeX\tex/latex/float\float.sty
Package: float 2001/11/08 v1.3d Float enhancements (AL)
\c@float@type=\count324
\float@exts=\toks30
\float@box=\box53
\@float@everytoks=\toks31
\@floatcapt=\box54
)
(C:\Users\GanGss\AppData\Local\Programs\MiKTeX\tex/latex/subfig\subfig.sty
Package: subfig 2005/06/28 ver: 1.3 subfig package


Class memoir Warning: For the caption package to function properly with memoir,
 we will now reset\caption and friends to kernel defaults and then let the capt
ion package take over. Remember: all caption configuration now goves via the ca
ption package interface, not the interface from the memoir class. .

(C:\Users\GanGss\AppData\Local\Programs\MiKTeX\tex/latex/caption\caption.sty
Package: caption 2020/05/30 v3.4k Customizing captions (AR)

(C:\Users\GanGss\AppData\Local\Programs\MiKTeX\tex/latex/caption\caption3.sty
Package: caption3 2020/07/20 v1.12b caption3 kernel (AR)
Package caption3 Info: TeX engine: e-TeX on input line 61.
\captionmargin=\dimen192
\captionmargin@=\dimen193
\captionwidth=\dimen194
\caption@tempdima=\dimen195
\caption@indent=\dimen196
\caption@parindent=\dimen197
\caption@hangindent=\dimen198
Package caption Info: memoir document class detected.
)
\c@caption@flags=\count325
\c@continuedfloat=\count326
Package caption Info: changepage package is loaded.
\caption@adjustwidth@hsize=\dimen256
\caption@adjustwidth@linewidth=\dimen257
Package caption Info: float package is loaded.
Package caption Info: hyperref package is loaded.
)
\c@KVtest=\count327
\sf@farskip=\skip262
\sf@captopadj=\dimen258
\sf@capskip=\skip263
\sf@nearskip=\skip264
\c@subfigure=\count328
\c@subfigure@save=\count329
\c@subtable=\count330
\c@subtable@save=\count331
\sf@top=\skip265
\sf@bottom=\skip266
)
(C:\Users\GanGss\AppData\Local\Programs\MiKTeX\tex/latex/pgfplots\pgfplots.sty
(C:\Users\GanGss\AppData\Local\Programs\MiKTeX\tex/generic/pgfplots\pgfplots.re
vision.tex)
Package: pgfplots 2020/02/29 v1.17 Data Visualization (1.17)

(C:\Users\GanGss\AppData\Local\Programs\MiKTeX\tex/latex/pgf/frontendlayer\tikz
.sty
(C:\Users\GanGss\AppData\Local\Programs\MiKTeX\tex/latex/pgf/basiclayer\pgf.sty

(C:\Users\GanGss\AppData\Local\Programs\MiKTeX\tex/latex/pgf/utilities\pgfrcs.s
ty
(C:\Users\GanGss\AppData\Local\Programs\MiKTeX\tex/generic/pgf/utilities\pgfuti
l-common.tex
\pgfutil@everybye=\toks32
\pgfutil@tempdima=\dimen259
\pgfutil@tempdimb=\dimen260

(C:\Users\GanGss\AppData\Local\Programs\MiKTeX\tex/generic/pgf/utilities\pgfuti
l-common-lists.tex))
(C:\Users\GanGss\AppData\Local\Programs\MiKTeX\tex/generic/pgf/utilities\pgfuti
l-latex.def
\pgfutil@abb=\box55

(C:\Users\GanGss\AppData\Local\Programs\MiKTeX\tex/latex/ms\everyshi.sty
Package: everyshi 2001/05/15 v3.00 EveryShipout Package (MS)
))
(C:\Users\GanGss\AppData\Local\Programs\MiKTeX\tex/generic/pgf/utilities\pgfrcs
.code.tex
(C:\Users\GanGss\AppData\Local\Programs\MiKTeX\tex/generic/pgf\pgf.revision.tex
)
Package: pgfrcs 2020/01/08 v3.1.5b (3.1.5b)
))
Package: pgf 2020/01/08 v3.1.5b (3.1.5b)

(C:\Users\GanGss\AppData\Local\Programs\MiKTeX\tex/latex/pgf/basiclayer\pgfcore
.sty
(C:\Users\GanGss\AppData\Local\Programs\MiKTeX\tex/latex/pgf/systemlayer\pgfsys
.sty
(C:\Users\GanGss\AppData\Local\Programs\MiKTeX\tex/generic/pgf/systemlayer\pgfs
ys.code.tex
Package: pgfsys 2020/01/08 v3.1.5b (3.1.5b)

(C:\Users\GanGss\AppData\Local\Programs\MiKTeX\tex/generic/pgf/utilities\pgfkey
s.code.tex
\pgfkeys@pathtoks=\toks33
\pgfkeys@temptoks=\toks34

(C:\Users\GanGss\AppData\Local\Programs\MiKTeX\tex/generic/pgf/utilities\pgfkey
sfiltered.code.tex
\pgfkeys@tmptoks=\toks35
))
\pgf@x=\dimen261
\pgf@y=\dimen262
\pgf@xa=\dimen263
\pgf@ya=\dimen264
\pgf@xb=\dimen265
\pgf@yb=\dimen266
\pgf@xc=\dimen267
\pgf@yc=\dimen268
\pgf@xd=\dimen269
\pgf@yd=\dimen270
\w@pgf@writea=\write4
\r@pgf@reada=\read4
\c@pgf@counta=\count332
\c@pgf@countb=\count333
\c@pgf@countc=\count334
\c@pgf@countd=\count335
\t@pgf@toka=\toks36
\t@pgf@tokb=\toks37
\t@pgf@tokc=\toks38
\pgf@sys@id@count=\count336

(C:\Users\GanGss\AppData\Local\Programs\MiKTeX\tex/generic/pgf/systemlayer\pgf.
cfg
File: pgf.cfg 2020/01/08 v3.1.5b (3.1.5b)
)
Driver file for pgf: pgfsys-pdftex.def

(C:\Users\GanGss\AppData\Local\Programs\MiKTeX\tex/generic/pgf/systemlayer\pgfs
ys-pdftex.def
File: pgfsys-pdftex.def 2020/01/08 v3.1.5b (3.1.5b)

(C:\Users\GanGss\AppData\Local\Programs\MiKTeX\tex/generic/pgf/systemlayer\pgfs
ys-common-pdf.def
File: pgfsys-common-pdf.def 2020/01/08 v3.1.5b (3.1.5b)
)))
(C:\Users\GanGss\AppData\Local\Programs\MiKTeX\tex/generic/pgf/systemlayer\pgfs
yssoftpath.code.tex
File: pgfsyssoftpath.code.tex 2020/01/08 v3.1.5b (3.1.5b)
\pgfsyssoftpath@smallbuffer@items=\count337
\pgfsyssoftpath@bigbuffer@items=\count338
)
(C:\Users\GanGss\AppData\Local\Programs\MiKTeX\tex/generic/pgf/systemlayer\pgfs
ysprotocol.code.tex
File: pgfsysprotocol.code.tex 2020/01/08 v3.1.5b (3.1.5b)
))
(C:\Users\GanGss\AppData\Local\Programs\MiKTeX\tex/generic/pgf/basiclayer\pgfco
re.code.tex
Package: pgfcore 2020/01/08 v3.1.5b (3.1.5b)

(C:\Users\GanGss\AppData\Local\Programs\MiKTeX\tex/generic/pgf/math\pgfmath.cod
e.tex
(C:\Users\GanGss\AppData\Local\Programs\MiKTeX\tex/generic/pgf/math\pgfmathcalc
.code.tex
(C:\Users\GanGss\AppData\Local\Programs\MiKTeX\tex/generic/pgf/math\pgfmathutil
.code.tex)
(C:\Users\GanGss\AppData\Local\Programs\MiKTeX\tex/generic/pgf/math\pgfmathpars
er.code.tex
\pgfmath@dimen=\dimen271
\pgfmath@count=\count339
\pgfmath@box=\box56
\pgfmath@toks=\toks39
\pgfmath@stack@operand=\toks40
\pgfmath@stack@operation=\toks41
)
(C:\Users\GanGss\AppData\Local\Programs\MiKTeX\tex/generic/pgf/math\pgfmathfunc
tions.code.tex
(C:\Users\GanGss\AppData\Local\Programs\MiKTeX\tex/generic/pgf/math\pgfmathfunc
tions.basic.code.tex)
(C:\Users\GanGss\AppData\Local\Programs\MiKTeX\tex/generic/pgf/math\pgfmathfunc
tions.trigonometric.code.tex)
(C:\Users\GanGss\AppData\Local\Programs\MiKTeX\tex/generic/pgf/math\pgfmathfunc
tions.random.code.tex)
(C:\Users\GanGss\AppData\Local\Programs\MiKTeX\tex/generic/pgf/math\pgfmathfunc
tions.comparison.code.tex)
(C:\Users\GanGss\AppData\Local\Programs\MiKTeX\tex/generic/pgf/math\pgfmathfunc
tions.base.code.tex)
(C:\Users\GanGss\AppData\Local\Programs\MiKTeX\tex/generic/pgf/math\pgfmathfunc
tions.round.code.tex)
(C:\Users\GanGss\AppData\Local\Programs\MiKTeX\tex/generic/pgf/math\pgfmathfunc
tions.misc.code.tex)
(C:\Users\GanGss\AppData\Local\Programs\MiKTeX\tex/generic/pgf/math\pgfmathfunc
tions.integerarithmetics.code.tex)))
(C:\Users\GanGss\AppData\Local\Programs\MiKTeX\tex/generic/pgf/math\pgfmathfloa
t.code.tex
\c@pgfmathroundto@lastzeros=\count340
))
(C:\Users\GanGss\AppData\Local\Programs\MiKTeX\tex/generic/pgf/math\pgfint.code
.tex)
(C:\Users\GanGss\AppData\Local\Programs\MiKTeX\tex/generic/pgf/basiclayer\pgfco
repoints.code.tex
File: pgfcorepoints.code.tex 2020/01/08 v3.1.5b (3.1.5b)
\pgf@picminx=\dimen272
\pgf@picmaxx=\dimen273
\pgf@picminy=\dimen274
\pgf@picmaxy=\dimen275
\pgf@pathminx=\dimen276
\pgf@pathmaxx=\dimen277
\pgf@pathminy=\dimen278
\pgf@pathmaxy=\dimen279
\pgf@xx=\dimen280
\pgf@xy=\dimen281
\pgf@yx=\dimen282
\pgf@yy=\dimen283
\pgf@zx=\dimen284
\pgf@zy=\dimen285
)
(C:\Users\GanGss\AppData\Local\Programs\MiKTeX\tex/generic/pgf/basiclayer\pgfco
repathconstruct.code.tex
File: pgfcorepathconstruct.code.tex 2020/01/08 v3.1.5b (3.1.5b)
\pgf@path@lastx=\dimen286
\pgf@path@lasty=\dimen287
)
(C:\Users\GanGss\AppData\Local\Programs\MiKTeX\tex/generic/pgf/basiclayer\pgfco
repathusage.code.tex
File: pgfcorepathusage.code.tex 2020/01/08 v3.1.5b (3.1.5b)
\pgf@shorten@end@additional=\dimen288
\pgf@shorten@start@additional=\dimen289
)
(C:\Users\GanGss\AppData\Local\Programs\MiKTeX\tex/generic/pgf/basiclayer\pgfco
rescopes.code.tex
File: pgfcorescopes.code.tex 2020/01/08 v3.1.5b (3.1.5b)
\pgfpic=\box57
\pgf@hbox=\box58
\pgf@layerbox@main=\box59
\pgf@picture@serial@count=\count341
)
(C:\Users\GanGss\AppData\Local\Programs\MiKTeX\tex/generic/pgf/basiclayer\pgfco
regraphicstate.code.tex
File: pgfcoregraphicstate.code.tex 2020/01/08 v3.1.5b (3.1.5b)
\pgflinewidth=\dimen290
)
(C:\Users\GanGss\AppData\Local\Programs\MiKTeX\tex/generic/pgf/basiclayer\pgfco
retransformations.code.tex
File: pgfcoretransformations.code.tex 2020/01/08 v3.1.5b (3.1.5b)
\pgf@pt@x=\dimen291
\pgf@pt@y=\dimen292
\pgf@pt@temp=\dimen293
)
(C:\Users\GanGss\AppData\Local\Programs\MiKTeX\tex/generic/pgf/basiclayer\pgfco
requick.code.tex
File: pgfcorequick.code.tex 2020/01/08 v3.1.5b (3.1.5b)
)
(C:\Users\GanGss\AppData\Local\Programs\MiKTeX\tex/generic/pgf/basiclayer\pgfco
reobjects.code.tex
File: pgfcoreobjects.code.tex 2020/01/08 v3.1.5b (3.1.5b)
)
(C:\Users\GanGss\AppData\Local\Programs\MiKTeX\tex/generic/pgf/basiclayer\pgfco
repathprocessing.code.tex
File: pgfcorepathprocessing.code.tex 2020/01/08 v3.1.5b (3.1.5b)
)
(C:\Users\GanGss\AppData\Local\Programs\MiKTeX\tex/generic/pgf/basiclayer\pgfco
rearrows.code.tex
File: pgfcorearrows.code.tex 2020/01/08 v3.1.5b (3.1.5b)
\pgfarrowsep=\dimen294
)
(C:\Users\GanGss\AppData\Local\Programs\MiKTeX\tex/generic/pgf/basiclayer\pgfco
reshade.code.tex
File: pgfcoreshade.code.tex 2020/01/08 v3.1.5b (3.1.5b)
\pgf@max=\dimen295
\pgf@sys@shading@range@num=\count342
\pgf@shadingcount=\count343
)
(C:\Users\GanGss\AppData\Local\Programs\MiKTeX\tex/generic/pgf/basiclayer\pgfco
reimage.code.tex
File: pgfcoreimage.code.tex 2020/01/08 v3.1.5b (3.1.5b)

(C:\Users\GanGss\AppData\Local\Programs\MiKTeX\tex/generic/pgf/basiclayer\pgfco
reexternal.code.tex
File: pgfcoreexternal.code.tex 2020/01/08 v3.1.5b (3.1.5b)
\pgfexternal@startupbox=\box60
))
(C:\Users\GanGss\AppData\Local\Programs\MiKTeX\tex/generic/pgf/basiclayer\pgfco
relayers.code.tex
File: pgfcorelayers.code.tex 2020/01/08 v3.1.5b (3.1.5b)
)
(C:\Users\GanGss\AppData\Local\Programs\MiKTeX\tex/generic/pgf/basiclayer\pgfco
retransparency.code.tex
File: pgfcoretransparency.code.tex 2020/01/08 v3.1.5b (3.1.5b)
)
(C:\Users\GanGss\AppData\Local\Programs\MiKTeX\tex/generic/pgf/basiclayer\pgfco
repatterns.code.tex
File: pgfcorepatterns.code.tex 2020/01/08 v3.1.5b (3.1.5b)
)
(C:\Users\GanGss\AppData\Local\Programs\MiKTeX\tex/generic/pgf/basiclayer\pgfco
rerdf.code.tex
File: pgfcorerdf.code.tex 2020/01/08 v3.1.5b (3.1.5b)
)))
(C:\Users\GanGss\AppData\Local\Programs\MiKTeX\tex/generic/pgf/modules\pgfmodul
eshapes.code.tex
File: pgfmoduleshapes.code.tex 2020/01/08 v3.1.5b (3.1.5b)
\pgfnodeparttextbox=\box61
)
(C:\Users\GanGss\AppData\Local\Programs\MiKTeX\tex/generic/pgf/modules\pgfmodul
eplot.code.tex
File: pgfmoduleplot.code.tex 2020/01/08 v3.1.5b (3.1.5b)
)
(C:\Users\GanGss\AppData\Local\Programs\MiKTeX\tex/latex/pgf/compatibility\pgfc
omp-version-0-65.sty
Package: pgfcomp-version-0-65 2020/01/08 v3.1.5b (3.1.5b)
\pgf@nodesepstart=\dimen296
\pgf@nodesepend=\dimen297
)
(C:\Users\GanGss\AppData\Local\Programs\MiKTeX\tex/latex/pgf/compatibility\pgfc
omp-version-1-18.sty
Package: pgfcomp-version-1-18 2020/01/08 v3.1.5b (3.1.5b)
))
(C:\Users\GanGss\AppData\Local\Programs\MiKTeX\tex/latex/pgf/utilities\pgffor.s
ty
(C:\Users\GanGss\AppData\Local\Programs\MiKTeX\tex/latex/pgf/utilities\pgfkeys.
sty
(C:\Users\GanGss\AppData\Local\Programs\MiKTeX\tex/generic/pgf/utilities\pgfkey
s.code.tex))
(C:\Users\GanGss\AppData\Local\Programs\MiKTeX\tex/latex/pgf/math\pgfmath.sty
(C:\Users\GanGss\AppData\Local\Programs\MiKTeX\tex/generic/pgf/math\pgfmath.cod
e.tex))
(C:\Users\GanGss\AppData\Local\Programs\MiKTeX\tex/generic/pgf/utilities\pgffor
.code.tex
Package: pgffor 2020/01/08 v3.1.5b (3.1.5b)

(C:\Users\GanGss\AppData\Local\Programs\MiKTeX\tex/generic/pgf/math\pgfmath.cod
e.tex)
\pgffor@iter=\dimen298
\pgffor@skip=\dimen299
\pgffor@stack=\toks42
\pgffor@toks=\toks43
))
(C:\Users\GanGss\AppData\Local\Programs\MiKTeX\tex/generic/pgf/frontendlayer/ti
kz\tikz.code.tex
Package: tikz 2020/01/08 v3.1.5b (3.1.5b)

(C:\Users\GanGss\AppData\Local\Programs\MiKTeX\tex/generic/pgf/libraries\pgflib
raryplothandlers.code.tex
File: pgflibraryplothandlers.code.tex 2020/01/08 v3.1.5b (3.1.5b)
\pgf@plot@mark@count=\count344
\pgfplotmarksize=\dimen300
)
\tikz@lastx=\dimen301
\tikz@lasty=\dimen302
\tikz@lastxsaved=\dimen303
\tikz@lastysaved=\dimen304
\tikz@lastmovetox=\dimen305
\tikz@lastmovetoy=\dimen306
\tikzleveldistance=\dimen307
\tikzsiblingdistance=\dimen308
\tikz@figbox=\box62
\tikz@figbox@bg=\box63
\tikz@tempbox=\box64
\tikz@tempbox@bg=\box65
\tikztreelevel=\count345
\tikznumberofchildren=\count346
\tikznumberofcurrentchild=\count347
\tikz@fig@count=\count348

(C:\Users\GanGss\AppData\Local\Programs\MiKTeX\tex/generic/pgf/modules\pgfmodul
ematrix.code.tex
File: pgfmodulematrix.code.tex 2020/01/08 v3.1.5b (3.1.5b)
\pgfmatrixcurrentrow=\count349
\pgfmatrixcurrentcolumn=\count350
\pgf@matrix@numberofcolumns=\count351
)
\tikz@expandcount=\count352

(C:\Users\GanGss\AppData\Local\Programs\MiKTeX\tex/generic/pgf/frontendlayer/ti
kz/libraries\tikzlibrarytopaths.code.tex
File: tikzlibrarytopaths.code.tex 2020/01/08 v3.1.5b (3.1.5b)
)))
(C:\Users\GanGss\AppData\Local\Programs\MiKTeX\tex/generic/pgfplots\pgfplots.co
de.tex
(C:\Users\GanGss\AppData\Local\Programs\MiKTeX\tex/generic/pgfplots\pgfplotscor
e.code.tex
\t@pgfplots@toka=\toks44
\t@pgfplots@tokb=\toks45
\t@pgfplots@tokc=\toks46
\pgfplots@tmpa=\dimen309
\c@pgfplots@coordindex=\count353
\c@pgfplots@scanlineindex=\count354

(C:\Users\GanGss\AppData\Local\Programs\MiKTeX\tex/generic/pgfplots/sys\pgfplot
ssysgeneric.code.tex))
(C:\Users\GanGss\AppData\Local\Programs\MiKTeX\tex/generic/pgfplots/libs\pgfplo
tslibrary.code.tex)
(C:\Users\GanGss\AppData\Local\Programs\MiKTeX\tex/generic/pgfplots/oldpgfcompa
tib\pgfplotsoldpgfsupp_loader.code.tex
(C:\Users\GanGss\AppData\Local\Programs\MiKTeX\tex/generic/pgf/libraries\pgflib
raryfpu.code.tex))
(C:\Users\GanGss\AppData\Local\Programs\MiKTeX\tex/generic/pgfplots/util\pgfplo
tsutil.code.tex
(C:\Users\GanGss\AppData\Local\Programs\MiKTeX\tex/generic/pgfplots/liststructu
re\pgfplotsliststructure.code.tex)
(C:\Users\GanGss\AppData\Local\Programs\MiKTeX\tex/generic/pgfplots/liststructu
re\pgfplotsliststructureext.code.tex)
(C:\Users\GanGss\AppData\Local\Programs\MiKTeX\tex/generic/pgfplots/liststructu
re\pgfplotsarray.code.tex
\c@pgfplotsarray@tmp=\count355
)
(C:\Users\GanGss\AppData\Local\Programs\MiKTeX\tex/generic/pgfplots/liststructu
re\pgfplotsmatrix.code.tex)
(C:\Users\GanGss\AppData\Local\Programs\MiKTeX\tex/generic/pgfplots/numtable\pg
fplotstableshared.code.tex
\c@pgfplotstable@counta=\count356
\t@pgfplotstable@a=\toks47
)
(C:\Users\GanGss\AppData\Local\Programs\MiKTeX\tex/generic/pgfplots/liststructu
re\pgfplotsdeque.code.tex)
(C:\Users\GanGss\AppData\Local\Programs\MiKTeX\tex/generic/pgfplots/util\pgfplo
tsbinary.code.tex
(C:\Users\GanGss\AppData\Local\Programs\MiKTeX\tex/generic/pgfplots/util\pgfplo
tsbinary.data.code.tex))
(C:\Users\GanGss\AppData\Local\Programs\MiKTeX\tex/generic/pgfplots/util\pgfplo
tsutil.verb.code.tex)
(C:\Users\GanGss\AppData\Local\Programs\MiKTeX\tex/generic/pgfplots/libs\pgflib
rarypgfplots.surfshading.code.tex
\c@pgfplotslibrarysurf@no=\count357

(C:\Users\GanGss\AppData\Local\Programs\MiKTeX\tex/generic/pgfplots/sys\pgflibr
arypgfplots.surfshading.pgfsys-pdftex.def)))
(C:\Users\GanGss\AppData\Local\Programs\MiKTeX\tex/generic/pgfplots/util\pgfplo
tscolormap.code.tex
(C:\Users\GanGss\AppData\Local\Programs\MiKTeX\tex/generic/pgfplots/util\pgfplo
tscolor.code.tex))
(C:\Users\GanGss\AppData\Local\Programs\MiKTeX\tex/generic/pgfplots\pgfplotssta
ckedplots.code.tex)
(C:\Users\GanGss\AppData\Local\Programs\MiKTeX\tex/generic/pgfplots\pgfplotsplo
thandlers.code.tex
(C:\Users\GanGss\AppData\Local\Programs\MiKTeX\tex/generic/pgfplots\pgfplotsmes
hplothandler.code.tex
(C:\Users\GanGss\AppData\Local\Programs\MiKTeX\tex/generic/pgfplots\pgfplotsmes
hplotimage.code.tex)))
(C:\Users\GanGss\AppData\Local\Programs\MiKTeX\tex/generic/pgfplots\pgfplots.sc
aling.code.tex)
(C:\Users\GanGss\AppData\Local\Programs\MiKTeX\tex/generic/pgfplots\pgfplotscoo
rdprocessing.code.tex)
(C:\Users\GanGss\AppData\Local\Programs\MiKTeX\tex/generic/pgfplots\pgfplots.er
rorbars.code.tex)
(C:\Users\GanGss\AppData\Local\Programs\MiKTeX\tex/generic/pgfplots\pgfplots.ma
rkers.code.tex)
(C:\Users\GanGss\AppData\Local\Programs\MiKTeX\tex/generic/pgfplots\pgfplotstic
ks.code.tex)
(C:\Users\GanGss\AppData\Local\Programs\MiKTeX\tex/generic/pgfplots\pgfplots.pa
ths.code.tex)
(C:\Users\GanGss\AppData\Local\Programs\MiKTeX\tex/generic/pgf/frontendlayer/ti
kz/libraries\tikzlibrarydecorations.code.tex
(C:\Users\GanGss\AppData\Local\Programs\MiKTeX\tex/generic/pgf/modules\pgfmodul
edecorations.code.tex
\pgfdecoratedcompleteddistance=\dimen310
\pgfdecoratedremainingdistance=\dimen311
\pgfdecoratedinputsegmentcompleteddistance=\dimen312
\pgfdecoratedinputsegmentremainingdistance=\dimen313
\pgf@decorate@distancetomove=\dimen314
\pgf@decorate@repeatstate=\count358
\pgfdecorationsegmentamplitude=\dimen315
\pgfdecorationsegmentlength=\dimen316
)
\tikz@lib@dec@box=\box66
)
(C:\Users\GanGss\AppData\Local\Programs\MiKTeX\tex/generic/pgf/frontendlayer/ti
kz/libraries\tikzlibrarydecorations.pathmorphing.code.tex
(C:\Users\GanGss\AppData\Local\Programs\MiKTeX\tex/generic/pgf/libraries/decora
tions\pgflibrarydecorations.pathmorphing.code.tex))
(C:\Users\GanGss\AppData\Local\Programs\MiKTeX\tex/generic/pgf/frontendlayer/ti
kz/libraries\tikzlibrarydecorations.pathreplacing.code.tex
(C:\Users\GanGss\AppData\Local\Programs\MiKTeX\tex/generic/pgf/libraries/decora
tions\pgflibrarydecorations.pathreplacing.code.tex))
\pgfplots@numplots=\count359
\pgfplots@xmin@reg=\dimen317
\pgfplots@xmax@reg=\dimen318
\pgfplots@ymin@reg=\dimen319
\pgfplots@ymax@reg=\dimen320
\pgfplots@zmin@reg=\dimen321
\pgfplots@zmax@reg=\dimen322
)
(C:\Users\GanGss\AppData\Local\Programs\MiKTeX\tex/generic/pgf/frontendlayer/ti
kz/libraries\tikzlibraryplotmarks.code.tex
File: tikzlibraryplotmarks.code.tex 2020/01/08 v3.1.5b (3.1.5b)

(C:\Users\GanGss\AppData\Local\Programs\MiKTeX\tex/generic/pgf/libraries\pgflib
raryplotmarks.code.tex
File: pgflibraryplotmarks.code.tex 2020/01/08 v3.1.5b (3.1.5b)
)))
\c@anexo=\count360
)
(C:\Users\GanGss\AppData\Local\Programs\MiKTeX\tex/latex/l3backend\l3backend-pd
fmode.def
File: l3backend-pdfmode.def 2020-06-29 L3 backend support: PDF mode
\l__kernel_color_stack_int=\count361
\l__pdf_internal_box=\box67
) (00.aux

LaTeX Warning: Label `foto_ultima' multiply defined.

)
\openout1 = `00.aux'.

LaTeX Font Info:    Checking defaults for OML/cmm/m/it on input line 5.
LaTeX Font Info:    ... okay on input line 5.
LaTeX Font Info:    Checking defaults for OMS/cmsy/m/n on input line 5.
LaTeX Font Info:    ... okay on input line 5.
LaTeX Font Info:    Checking defaults for OT1/cmr/m/n on input line 5.
LaTeX Font Info:    ... okay on input line 5.
LaTeX Font Info:    Checking defaults for T1/cmr/m/n on input line 5.
LaTeX Font Info:    ... okay on input line 5.
LaTeX Font Info:    Checking defaults for TS1/cmr/m/n on input line 5.
LaTeX Font Info:    ... okay on input line 5.
LaTeX Font Info:    Checking defaults for OMX/cmex/m/n on input line 5.
LaTeX Font Info:    ... okay on input line 5.
LaTeX Font Info:    Checking defaults for U/cmr/m/n on input line 5.
LaTeX Font Info:    ... okay on input line 5.
LaTeX Font Info:    Checking defaults for PD1/pdf/m/n on input line 5.
LaTeX Font Info:    ... okay on input line 5.
LaTeX Font Info:    Trying to load font information for OT1+phv on input line 5
.
 (C:\Users\GanGss\AppData\Local\Programs\MiKTeX\tex/latex/psnfss\ot1phv.fd
File: ot1phv.fd 2020/03/25 scalable font definitions for OT1/phv.
)
\AtBeginShipoutBox=\box68
Package hyperref Info: Link coloring OFF on input line 5.

(C:\Users\GanGss\AppData\Local\Programs\MiKTeX\tex/latex/hyperref\nameref.sty
Package: nameref 2019/09/16 v2.46 Cross-referencing by name of section

(C:\Users\GanGss\AppData\Local\Programs\MiKTeX\tex/latex/refcount\refcount.sty
Package: refcount 2019/12/15 v3.6 Data extraction from label references (HO)
)
(C:\Users\GanGss\AppData\Local\Programs\MiKTeX\tex/generic/gettitlestring\getti
tlestring.sty
Package: gettitlestring 2019/12/15 v1.6 Cleanup title references (HO)
)
\c@section@level=\count362
)
Redoing nameref's sectioning
Redoing nameref's label
LaTeX Info: Redefining \nameref on input line 5.
LaTeX Info: Redefining \ref on input line 5.
LaTeX Info: Redefining \pageref on input line 5.
LaTeX Info: Redefining \nameref on input line 5.
\myptabbox=\box69
\myptabboxwidth=\skip267

(C:\Users\GanGss\AppData\Local\Programs\MiKTeX\tex/context/base/mkii\supp-pdf.m
kii
[Loading MPS to PDF converter (version 2006.09.02).]
\scratchcounter=\count363
\scratchdimen=\dimen323
\scratchbox=\box70
\nofMPsegments=\count364
\nofMParguments=\count365
\everyMPshowfont=\toks48
\MPscratchCnt=\count366
\MPscratchDim=\dimen324
\MPnumerator=\count367
\makeMPintoPDFobject=\count368
\everyMPtoPDFconversion=\toks49
)
(C:\Users\GanGss\AppData\Local\Programs\MiKTeX\tex/latex/epstopdf-pkg\epstopdf-
base.sty
Package: epstopdf-base 2020-01-24 v2.11 Base part for package epstopdf
Package epstopdf-base Info: Redefining graphics rule for `.eps' on input line 4
85.
)
(C:\Users\GanGss\AppData\Local\Programs\MiKTeX\tex/latex/pdflscape\pdflscape.st
y
Package: pdflscape 2019/12/05 v0.12 Display of landscape pages in PDF (HO)
 (C:\Users\GanGss\AppData\Local\Programs\MiKTeX\tex/latex/graphics\lscape.sty
Package: lscape 2000/10/22 v3.01 Landscape Pages (DPC)
)
Package pdflscape Info: Auto-detected driver: pdftex on input line 81.
)
Package caption Info: Begin \AtBeginDocument code.
Package caption Info: subfig package v1.3 is loaded.
Package caption Info: End \AtBeginDocument code.
 ABD: EveryShipout initializing macros
Package pgfplots notification 'compat/show suggested version=true': you might b
enefit from \pgfplotsset{compat=1.17} (current compat level: 1.11).

<temp/imagens/capa.png, id=6, 2479.2625pt x 3470.9675pt>
File: temp/imagens/capa.png Graphic file (type png)
<use temp/imagens/capa.png>
Package pdftex.def Info: temp/imagens/capa.png  used on input line 10.
(pdftex.def)             Requested size: 2479.25647pt x 3470.95908pt.
File: temp/imagens/capa.png Graphic file (type png)
<use temp/imagens/capa.png>
Package pdftex.def Info: temp/imagens/capa.png  used on input line 10.
(pdftex.def)             Requested size: 2479.25647pt x 3470.95908pt.
File: temp/imagens/capa.png Graphic file (type png)
<use temp/imagens/capa.png>
Package pdftex.def Info: temp/imagens/capa.png  used on input line 10.
(pdftex.def)             Requested size: 2479.25647pt x 3470.95908pt.
File: temp/imagens/capa.png Graphic file (type png)
<use temp/imagens/capa.png>
Package pdftex.def Info: temp/imagens/capa.png  used on input line 10.
(pdftex.def)             Requested size: 597.53197pt x 836.54477pt.
File: temp/imagens/capa.png Graphic file (type png)
<use temp/imagens/capa.png>
Package pdftex.def Info: temp/imagens/capa.png  used on input line 10.
(pdftex.def)             Requested size: 597.53197pt x 836.54477pt.
File: temp/imagens/capa.png Graphic file (type png)
<use temp/imagens/capa.png>
Package pdftex.def Info: temp/imagens/capa.png  used on input line 10.
(pdftex.def)             Requested size: 597.53197pt x 836.54477pt.
File: temp/imagens/capa.png Graphic file (type png)
<use temp/imagens/capa.png>
Package pdftex.def Info: temp/imagens/capa.png  used on input line 10.
(pdftex.def)             Requested size: 597.53197pt x 836.54477pt.
[1

 <./temp/imagens/capa.png>] (2-realizacao.tex
Underfull \hbox (badness 10000) in paragraph at lines 5--6

 []


Underfull \hbox (badness 10000) in paragraph at lines 7--8

 []

LaTeX Font Info:    Trying to load font information for TS1+phv on input line 1
4.
(C:\Users\GanGss\AppData\Local\Programs\MiKTeX\tex/latex/psnfss\ts1phv.fd
File: ts1phv.fd 2020/03/25 scalable font definitions for TS1/phv.
)
Underfull \hbox (badness 10000) in paragraph at lines 14--15

 []


Underfull \hbox (badness 10000) in paragraph at lines 15--17

 []


Underfull \hbox (badness 10000) in paragraph at lines 17--18

 []


Underfull \hbox (badness 10000) in paragraph at lines 18--19

 []


Underfull \hbox (badness 10000) in paragraph at lines 19--20

 []


Underfull \hbox (badness 10000) in paragraph at lines 20--21

 []


Underfull \hbox (badness 10000) in paragraph at lines 21--22

 []


Underfull \hbox (badness 10000) in paragraph at lines 22--23

 []


Underfull \hbox (badness 10000) in paragraph at lines 23--24

 []


Underfull \hbox (badness 10000) in paragraph at lines 32--33

 []


Underfull \hbox (badness 10000) in paragraph at lines 34--35

 []


Underfull \hbox (badness 10000) in paragraph at lines 36--37

 []

(temp/interessado.tex) (temp/dados_empresa.tex)
Underfull \hbox (badness 10000) in paragraph at lines 1--45

 []

(temp/func_empresa_responsavel.tex) (temp/func_resp_relatorio.tex))
(4-indice.tex
LaTeX Font Info:    External font `cmex10' loaded for size
(Font)              <9> on input line 1.
LaTeX Font Info:    External font `cmex10' loaded for size
(Font)              <6> on input line 1.
LaTeX Font Info:    External font `cmex10' loaded for size
(Font)              <5> on input line 1.
 (temp/cabecalho.tex)

Class memoir Warning: The material used in the headers is too large
(28.99998pt) for the given head height (14.5pt), it is recommended to
either increase the head height or redesign the header
(in both cases you will find help in the memoir manual). on input line 1.


Overfull \vbox (14.49998pt too high) has occurred while \output is active []


[2{C:/Users/GanGss/AppData/Local/MiKTeX/pdftex/config/pdftex.map}] (00.toc
LaTeX Font Info:    External font `cmex10' loaded for size
(Font)              <12> on input line 3.
LaTeX Font Info:    External font `cmex10' loaded for size
(Font)              <8> on input line 3.
))
Underfull \hbox (badness 10000) in paragraph at lines 10--15

 []

(temp/cabecalho.tex)
Overfull \vbox (14.49998pt too high) has occurred while \output is active []


[3] (3-resumo_dos_resultados.tex (temp/cabecalho.tex)
Overfull \vbox (14.49998pt too high) has occurred while \output is active []


[4]
Underfull \hbox (badness 10000) in paragraph at lines 5--7

 []

(temp/interessado.tex) (temp/data.tex) (temp/tabela/TabelaResumo.tex
Overfull \hbox (3.55096pt too wide) in paragraph at lines 20--20
 []|\OT1/phv/m/n/9 N[]umero 
 []


Overfull \hbox (3.55096pt too wide) in paragraph at lines 25--25
 []|\OT1/phv/m/n/9 N[]umero 
 []


Overfull \hbox (18.3502pt too wide) in paragraph at lines 6--27
 [][] 
 []

) (temp/cabecalho.tex)
Overfull \vbox (14.49998pt too high) has occurred while \output is active []


[5] (temp/conclusao.tex (temp/interessado.tex))
Underfull \hbox (badness 10000) in paragraph at lines 9--20

 []

) (5-o_laudo.tex (temp/cabecalho.tex)
Overfull \vbox (14.49998pt too high) has occurred while \output is active []


[6]
Overfull \hbox (0.33266pt too wide) in paragraph at lines 14--15
[]\OT1/phv/m/n/12 Avaliar os n[]veis de press[]ao so-nora emi-ti-dos pelo em-p
re-en-di-mento Cer[]amica Uni[]ao
 []


Overfull \hbox (13.10033pt too wide) in paragraph at lines 16--17
[]\OT1/phv/m/n/12 Esta avalia[][]ao de ru[]dos for-nece informa[][]oes so-bre 
a ne-ces-si-dade de implementa[][]ao
 []


Underfull \hbox (badness 10000) in paragraph at lines 16--17

 []

(temp/dados_empresa.tex)
Underfull \hbox (badness 10000) in paragraph at lines 18--20

 []


Overfull \hbox (37.79993pt too wide) in paragraph at lines 28--29
[]\OT1/phv/m/n/12 Observa[][]ao das fon-tes de ru[]dos no lo-cal, re-co-nhe-ci
-mento da []area e pr[]e-monitoramento
 []


Underfull \hbox (badness 10000) in paragraph at lines 35--37

 []

) (6-metodo_de_avaliacao.tex (temp/cabecalho.tex)
Overfull \vbox (14.49998pt too high) has occurred while \output is active []


[7]
Underfull \hbox (badness 10000) in paragraph at lines 6--7

 []


Underfull \hbox (badness 10000) in paragraph at lines 25--27

 []


Underfull \hbox (badness 10000) in paragraph at lines 28--29

 []


Overfull \hbox (209.83578pt too wide) in paragraph at lines 31--38
[][] 
 []


Underfull \hbox (badness 10000) in paragraph at lines 30--39

 []


Underfull \hbox (badness 10000) in paragraph at lines 42--43

 []


Overfull \hbox (209.83578pt too wide) in paragraph at lines 45--52
[][] 
 []

) (7-croquis.tex (temp/cabecalho.tex)
Overfull \vbox (14.49998pt too high) has occurred while \output is active []


[8]
<temp/imagens/LOCAL.png, id=122, 977.90344pt x 461.47406pt>
File: temp/imagens/LOCAL.png Graphic file (type png)
<use temp/imagens/LOCAL.png>
Package pdftex.def Info: temp/imagens/LOCAL.png  used on input line 12.
(pdftex.def)             Requested size: 358.50836pt x 169.1795pt.
<temp/imagens/PONTOS.png, id=124, 914.66719pt x 465.99094pt>
File: temp/imagens/PONTOS.png Graphic file (type png)
<use temp/imagens/PONTOS.png>
Package pdftex.def Info: temp/imagens/PONTOS.png  used on input line 25.
(pdftex.def)             Requested size: 358.50836pt x 182.64586pt.
) (71-gps.tex (temp/cabecalho.tex)
Overfull \vbox (14.49998pt too high) has occurred while \output is active []


[9 <./temp/imagens/LOCAL.png> <./temp/imagens/PONTOS.png>] (temp/gps.tex))
(8-fotos.tex (temp/FOTOS.tex
<temp/imagens/PONTO01(2).JPG, id=134, 2746.26pt x 2059.695pt>
File: temp/imagens/PONTO01(2).JPG Graphic file (type jpg)
<use temp/imagens/PONTO01(2).JPG>
Package pdftex.def Info: temp/imagens/PONTO01(2).JPG  used on input line 1.
(pdftex.def)             Requested size: 227.62204pt x 170.6875pt.

Overfull \hbox (22.87343pt too wide) in paragraph at lines 1--1
[][] 
 []

<temp/imagens/PONTO02(2).JPG, id=135, 2746.26pt x 2059.695pt>
File: temp/imagens/PONTO02(2).JPG Graphic file (type jpg)
<use temp/imagens/PONTO02(2).JPG>
Package pdftex.def Info: temp/imagens/PONTO02(2).JPG  used on input line 1.
(pdftex.def)             Requested size: 227.62204pt x 170.6875pt.

Overfull \hbox (22.87343pt too wide) in paragraph at lines 1--1
[][] 
 []

<temp/imagens/PONTO03(2).JPG, id=136, 2746.26pt x 2059.695pt>
File: temp/imagens/PONTO03(2).JPG Graphic file (type jpg)
<use temp/imagens/PONTO03(2).JPG>
Package pdftex.def Info: temp/imagens/PONTO03(2).JPG  used on input line 2.
(pdftex.def)             Requested size: 227.62204pt x 170.6875pt.

Overfull \hbox (22.87343pt too wide) in paragraph at lines 2--2
[][] 
 []

<temp/imagens/PONTO04(2).JPG, id=137, 2746.26pt x 2059.695pt>
File: temp/imagens/PONTO04(2).JPG Graphic file (type jpg)
<use temp/imagens/PONTO04(2).JPG>
Package pdftex.def Info: temp/imagens/PONTO04(2).JPG  used on input line 2.
(pdftex.def)             Requested size: 227.62204pt x 170.6875pt.

Overfull \hbox (22.87343pt too wide) in paragraph at lines 2--2
[][] 
 []

<temp/imagens/PONTO05(2).JPG, id=138, 2746.26pt x 2059.695pt>
File: temp/imagens/PONTO05(2).JPG Graphic file (type jpg)
<use temp/imagens/PONTO05(2).JPG>
Package pdftex.def Info: temp/imagens/PONTO05(2).JPG  used on input line 3.
(pdftex.def)             Requested size: 227.62204pt x 170.6875pt.

Underfull \hbox (badness 10000) in paragraph at lines 2--3

 []

) (temp/cabecalho.tex)
Overfull \vbox (14.49998pt too high) has occurred while \output is active []


[10 <./temp/imagens/PONTO01(2).JPG> <./temp/imagens/PONTO02(2).JPG> <./temp/ima
gens/PONTO03(2).JPG> <./temp/imagens/PONTO04(2).JPG>]) (9-pontos.tex
(temp/cabecalho.tex)
Overfull \vbox (14.49998pt too high) has occurred while \output is active []


[11 <./temp/imagens/PONTO05(2).JPG>] (temp/PONTOS.tex
(temp/pontos/begin_manha.tex
\c@M=\count369

Underfull \hbox (badness 10000) in paragraph at lines 4--4

 []

) (temp/pontos/pontos_manha.tex
Overfull \hbox (14.63623pt too wide) in paragraph at lines 3--9
 [][] 
 []

<temp/imagens/pontos/CMS013.PNG, id=157, 501.875pt x 376.40625pt>
File: temp/imagens/pontos/CMS013.PNG Graphic file (type png)
<use temp/imagens/pontos/CMS013.PNG>
Package pdftex.def Info: temp/imagens/pontos/CMS013.PNG  used on input line 13.

(pdftex.def)             Requested size: 227.62204pt x 170.71947pt.

Underfull \hbox (badness 10000) in paragraph at lines 10--16

 []

(temp/cabecalho.tex)
Overfull \vbox (14.49998pt too high) has occurred while \output is active []


[12

 <./temp/imagens/pontos/CMS013.PNG (PNG copy)>]
Overfull \hbox (14.63623pt too wide) in paragraph at lines 20--26
 [][] 
 []

<temp/imagens/pontos/CMS014.PNG, id=166, 501.875pt x 376.40625pt>
File: temp/imagens/pontos/CMS014.PNG Graphic file (type png)
<use temp/imagens/pontos/CMS014.PNG>
Package pdftex.def Info: temp/imagens/pontos/CMS014.PNG  used on input line 30.

(pdftex.def)             Requested size: 227.62204pt x 170.71947pt.

Underfull \hbox (badness 10000) in paragraph at lines 27--33

 []

(temp/cabecalho.tex)
Overfull \vbox (14.49998pt too high) has occurred while \output is active []


[13 <./temp/imagens/pontos/CMS014.PNG (PNG copy)>]
Overfull \hbox (14.63623pt too wide) in paragraph at lines 37--43
 [][] 
 []

<temp/imagens/pontos/CMS015.PNG, id=176, 501.875pt x 376.40625pt>
File: temp/imagens/pontos/CMS015.PNG Graphic file (type png)
<use temp/imagens/pontos/CMS015.PNG>
Package pdftex.def Info: temp/imagens/pontos/CMS015.PNG  used on input line 47.

(pdftex.def)             Requested size: 227.62204pt x 170.71947pt.

Underfull \hbox (badness 10000) in paragraph at lines 44--50

 []

(temp/cabecalho.tex)
Overfull \vbox (14.49998pt too high) has occurred while \output is active []


[14 <./temp/imagens/pontos/CMS015.PNG (PNG copy)>]
Overfull \hbox (14.63623pt too wide) in paragraph at lines 54--60
 [][] 
 []

<temp/imagens/pontos/CMS016.PNG, id=185, 501.875pt x 376.40625pt>
File: temp/imagens/pontos/CMS016.PNG Graphic file (type png)
<use temp/imagens/pontos/CMS016.PNG>
Package pdftex.def Info: temp/imagens/pontos/CMS016.PNG  used on input line 64.

(pdftex.def)             Requested size: 227.62204pt x 170.71947pt.

Underfull \hbox (badness 10000) in paragraph at lines 61--67

 []

(temp/cabecalho.tex)
Overfull \vbox (14.49998pt too high) has occurred while \output is active []


[15 <./temp/imagens/pontos/CMS016.PNG (PNG copy)>]
Overfull \hbox (14.63623pt too wide) in paragraph at lines 72--78
 [][] 
 []

<temp/imagens/pontos/CMS017.PNG, id=194, 501.875pt x 376.40625pt>
File: temp/imagens/pontos/CMS017.PNG Graphic file (type png)
<use temp/imagens/pontos/CMS017.PNG>
Package pdftex.def Info: temp/imagens/pontos/CMS017.PNG  used on input line 82.

(pdftex.def)             Requested size: 227.62204pt x 170.71947pt.

Underfull \hbox (badness 10000) in paragraph at lines 79--85

 []

(temp/cabecalho.tex)
Overfull \vbox (14.49998pt too high) has occurred while \output is active []


[16 <./temp/imagens/pontos/CMS017.PNG (PNG copy)>])
(temp/pontos/begin_tarde.tex
\c@T=\count370

Underfull \hbox (badness 10000) in paragraph at lines 4--4

 []

) (temp/pontos/pontos_tarde.tex
Overfull \hbox (14.63623pt too wide) in paragraph at lines 3--9
 [][] 
 []

<temp/imagens/pontos/CMS024.PNG, id=205, 501.875pt x 376.40625pt>
File: temp/imagens/pontos/CMS024.PNG Graphic file (type png)
<use temp/imagens/pontos/CMS024.PNG>
Package pdftex.def Info: temp/imagens/pontos/CMS024.PNG  used on input line 13.

(pdftex.def)             Requested size: 227.62204pt x 170.71947pt.

Underfull \hbox (badness 10000) in paragraph at lines 10--16

 []

(temp/cabecalho.tex)
Overfull \vbox (14.49998pt too high) has occurred while \output is active []


[17

 <./temp/imagens/pontos/CMS024.PNG (PNG copy)>]
Overfull \hbox (14.63623pt too wide) in paragraph at lines 20--26
 [][] 
 []

<temp/imagens/pontos/CMS025.PNG, id=215, 501.875pt x 376.40625pt>
File: temp/imagens/pontos/CMS025.PNG Graphic file (type png)
<use temp/imagens/pontos/CMS025.PNG>
Package pdftex.def Info: temp/imagens/pontos/CMS025.PNG  used on input line 30.

(pdftex.def)             Requested size: 227.62204pt x 170.71947pt.

Underfull \hbox (badness 10000) in paragraph at lines 27--33

 []

(temp/cabecalho.tex)
Overfull \vbox (14.49998pt too high) has occurred while \output is active []


[18 <./temp/imagens/pontos/CMS025.PNG (PNG copy)>]
Overfull \hbox (14.63623pt too wide) in paragraph at lines 37--43
 [][] 
 []

<temp/imagens/pontos/CMS026.PNG, id=224, 501.875pt x 376.40625pt>
File: temp/imagens/pontos/CMS026.PNG Graphic file (type png)
<use temp/imagens/pontos/CMS026.PNG>
Package pdftex.def Info: temp/imagens/pontos/CMS026.PNG  used on input line 47.

(pdftex.def)             Requested size: 227.62204pt x 170.71947pt.

Underfull \hbox (badness 10000) in paragraph at lines 44--50

 []

(temp/cabecalho.tex)
Overfull \vbox (14.49998pt too high) has occurred while \output is active []


[19 <./temp/imagens/pontos/CMS026.PNG (PNG copy)>]
Overfull \hbox (14.63623pt too wide) in paragraph at lines 54--60
 [][] 
 []

<temp/imagens/pontos/CMS027.PNG, id=234, 501.875pt x 376.40625pt>
File: temp/imagens/pontos/CMS027.PNG Graphic file (type png)
<use temp/imagens/pontos/CMS027.PNG>
Package pdftex.def Info: temp/imagens/pontos/CMS027.PNG  used on input line 64.

(pdftex.def)             Requested size: 227.62204pt x 170.71947pt.

Underfull \hbox (badness 10000) in paragraph at lines 61--67

 []

(temp/cabecalho.tex)
Overfull \vbox (14.49998pt too high) has occurred while \output is active []


[20 <./temp/imagens/pontos/CMS027.PNG (PNG copy)>]
Overfull \hbox (14.63623pt too wide) in paragraph at lines 72--78
 [][] 
 []

<temp/imagens/pontos/CMS028.PNG, id=243, 501.875pt x 376.40625pt>
File: temp/imagens/pontos/CMS028.PNG Graphic file (type png)
<use temp/imagens/pontos/CMS028.PNG>
Package pdftex.def Info: temp/imagens/pontos/CMS028.PNG  used on input line 82.

(pdftex.def)             Requested size: 227.62204pt x 170.71947pt.

Underfull \hbox (badness 10000) in paragraph at lines 79--85

 []

(temp/cabecalho.tex)
Overfull \vbox (14.49998pt too high) has occurred while \output is active []


[21 <./temp/imagens/pontos/CMS028.PNG (PNG copy)>]))) (10-resultados.tex
(temp/interessado.tex) (temp/data.tex) (temp/tabela/repTabelaResumo.tex
Overfull \hbox (3.55096pt too wide) in paragraph at lines 19--19
 []|\OT1/phv/m/n/9 N[]umero 
 []


Overfull \hbox (3.55096pt too wide) in paragraph at lines 24--24
 []|\OT1/phv/m/n/9 N[]umero 
 []


Overfull \hbox (18.3502pt too wide) in paragraph at lines 5--26
 [][] 
 []

) (temp/cabecalho.tex)
Overfull \vbox (14.49998pt too high) has occurred while \output is active []


[22

] (temp/conclusao.tex (temp/interessado.tex))
Underfull \hbox (badness 10000) in paragraph at lines 9--16

 []

) (11-anexos.tex (temp/cabecalho.tex)
Overfull \vbox (14.49998pt too high) has occurred while \output is active []


[23] (temp/cabecalho.tex)
Overfull \vbox (14.49998pt too high) has occurred while \output is active []


[24]
Underfull \hbox (badness 10000) in paragraph at lines 12--13

 []


Underfull \hbox (badness 10000) in paragraph at lines 14--15

 []


Underfull \hbox (badness 10000) in paragraph at lines 16--17

 []


Underfull \hbox (badness 10000) in paragraph at lines 18--19

 []


Underfull \hbox (badness 10000) in paragraph at lines 20--21

 []


Underfull \hbox (badness 10000) in paragraph at lines 22--24

 []


Underfull \hbox (badness 10000) in paragraph at lines 29--30

 []


Underfull \hbox (badness 10000) in paragraph at lines 30--31

 []


Underfull \hbox (badness 10000) in paragraph at lines 31--32

 []


Underfull \hbox (badness 10000) in paragraph at lines 32--33

 []


Underfull \hbox (badness 10000) in paragraph at lines 34--35

 []


Underfull \hbox (badness 10000) in paragraph at lines 35--36

 []


Underfull \hbox (badness 10000) in paragraph at lines 36--37

 []


Underfull \hbox (badness 10000) in paragraph at lines 37--39

 []

(temp/cabecalho.tex)
Overfull \vbox (14.49998pt too high) has occurred while \output is active []


[25] (temp/cabecalho.tex)
Overfull \vbox (14.49998pt too high) has occurred while \output is active []


[26]
<temp/imagens/anexo2/01.jpg, id=290, 614.295pt x 844.8363pt>
File: temp/imagens/anexo2/01.jpg Graphic file (type jpg)
<use temp/imagens/anexo2/01.jpg>
Package pdftex.def Info: temp/imagens/anexo2/01.jpg  used on input line 50.
(pdftex.def)             Requested size: 409.49722pt x 563.18845pt.
 (temp/cabecalho.tex)
Overfull \vbox (14.49998pt too high) has occurred while \output is active []


[27 <./temp/imagens/anexo2/01.jpg>]
<temp/imagens/anexo2/02.jpg, id=295, 614.295pt x 844.8363pt>
File: temp/imagens/anexo2/02.jpg Graphic file (type jpg)
<use temp/imagens/anexo2/02.jpg>
Package pdftex.def Info: temp/imagens/anexo2/02.jpg  used on input line 55.
(pdftex.def)             Requested size: 409.49722pt x 563.18845pt.
 (temp/cabecalho.tex)
Overfull \vbox (14.49998pt too high) has occurred while \output is active []


[28 <./temp/imagens/anexo2/02.jpg>] (temp/cabecalho.tex)
Overfull \vbox (14.49998pt too high) has occurred while \output is active []


[29]
<temp/imagens/anexo3/01.jpg, id=304, 614.295pt x 844.8363pt>
File: temp/imagens/anexo3/01.jpg Graphic file (type jpg)
<use temp/imagens/anexo3/01.jpg>
Package pdftex.def Info: temp/imagens/anexo3/01.jpg  used on input line 64.
(pdftex.def)             Requested size: 409.49722pt x 563.18845pt.
 (temp/cabecalho.tex)
Overfull \vbox (14.49998pt too high) has occurred while \output is active []


[30 <./temp/imagens/anexo3/01.jpg>]
<temp/imagens/anexo3/02.jpg, id=309, 614.295pt x 844.8363pt>
File: temp/imagens/anexo3/02.jpg Graphic file (type jpg)
<use temp/imagens/anexo3/02.jpg>
Package pdftex.def Info: temp/imagens/anexo3/02.jpg  used on input line 73.
(pdftex.def)             Requested size: 409.49722pt x 563.18845pt.
 (temp/cabecalho.tex)
Overfull \vbox (14.49998pt too high) has occurred while \output is active []


[31 <./temp/imagens/anexo3/02.jpg>]
<temp/imagens/anexo3/03.jpg, id=315, 614.295pt x 844.8363pt>
File: temp/imagens/anexo3/03.jpg Graphic file (type jpg)
<use temp/imagens/anexo3/03.jpg>
Package pdftex.def Info: temp/imagens/anexo3/03.jpg  used on input line 82.
(pdftex.def)             Requested size: 409.49722pt x 563.18845pt.
 (temp/cabecalho.tex)
Overfull \vbox (14.49998pt too high) has occurred while \output is active []


[32 <./temp/imagens/anexo3/03.jpg>]
<temp/imagens/anexo3/04.jpg, id=320, 614.295pt x 844.8363pt>
File: temp/imagens/anexo3/04.jpg Graphic file (type jpg)
<use temp/imagens/anexo3/04.jpg>
Package pdftex.def Info: temp/imagens/anexo3/04.jpg  used on input line 91.
(pdftex.def)             Requested size: 409.49722pt x 563.18845pt.
 (temp/cabecalho.tex)
Overfull \vbox (14.49998pt too high) has occurred while \output is active []


[33 <./temp/imagens/anexo3/04.jpg>]
<temp/imagens/anexo3/05.jpg, id=325, 614.295pt x 844.8363pt>
File: temp/imagens/anexo3/05.jpg Graphic file (type jpg)
<use temp/imagens/anexo3/05.jpg>
Package pdftex.def Info: temp/imagens/anexo3/05.jpg  used on input line 100.
(pdftex.def)             Requested size: 409.49722pt x 563.18845pt.
 (temp/cabecalho.tex)
Overfull \vbox (14.49998pt too high) has occurred while \output is active []


[34 <./temp/imagens/anexo3/05.jpg>]
<temp/imagens/anexo3/06.jpg, id=330, 614.295pt x 844.8363pt>
File: temp/imagens/anexo3/06.jpg Graphic file (type jpg)
<use temp/imagens/anexo3/06.jpg>
Package pdftex.def Info: temp/imagens/anexo3/06.jpg  used on input line 109.
(pdftex.def)             Requested size: 409.49722pt x 563.18845pt.
 (temp/cabecalho.tex)
Overfull \vbox (14.49998pt too high) has occurred while \output is active []


[35 <./temp/imagens/anexo3/06.jpg>]
<temp/imagens/anexo3/07.jpg, id=335, 614.295pt x 844.8363pt>
File: temp/imagens/anexo3/07.jpg Graphic file (type jpg)
<use temp/imagens/anexo3/07.jpg>
Package pdftex.def Info: temp/imagens/anexo3/07.jpg  used on input line 118.
(pdftex.def)             Requested size: 409.49722pt x 563.18845pt.
 (temp/cabecalho.tex)
Overfull \vbox (14.49998pt too high) has occurred while \output is active []


[36 <./temp/imagens/anexo3/07.jpg>] (temp/cabecalho.tex)
Overfull \vbox (14.49998pt too high) has occurred while \output is active []


[37]
<temp/imagens/anexo4/01.jpg, id=345, 608.9952pt x 844.1136pt>
File: temp/imagens/anexo4/01.jpg Graphic file (type jpg)
<use temp/imagens/anexo4/01.jpg>
Package pdftex.def Info: temp/imagens/anexo4/01.jpg  used on input line 127.
(pdftex.def)             Requested size: 409.49722pt x 567.614pt.
 (temp/cabecalho.tex)
Overfull \vbox (14.49998pt too high) has occurred while \output is active []


[38 <./temp/imagens/anexo4/01.jpg>] (temp/cabecalho.tex)
Overfull \vbox (14.49998pt too high) has occurred while \output is active []


[39])

Class memoir Warning: The material used in the headers is too large
(28.99998pt) for the given head height (14.5pt), it is recommended to
either increase the head height or redesign the header
(in both cases you will find help in the memoir manual). on input line 34.

\tf@toc=\write5
\openout5 = `00.toc'.

Package atveryend Info: Empty hook `BeforeClearDocument' on input line 34.
Package atveryend Info: Empty hook `AfterLastShipout' on input line 34.
(00.aux)
Package atveryend Info: Executing hook `AtVeryEndDocument' on input line 34.
Package atveryend Info: Empty hook `AtEndAfterFileList' on input line 34.


LaTeX Warning: There were multiply-defined labels.

Package atveryend Info: Empty hook `AtVeryVeryEnd' on input line 34.
 ) 
Here is how much of TeX's memory you used:
 33276 strings out of 480790
 767029 string characters out of 2896832
 1208763 words of memory out of 3000000
 48421 multiletter control sequences out of 15000+200000
 548322 words of font info for 54 fonts, out of 3000000 for 9000
 1141 hyphenation exceptions out of 8191
 71i,18n,100p,961b,609s stack positions out of 5000i,500n,10000p,200000b,50000s
pdfTeX warning (dest): name{figure.caption.28} has been referenced but does n
ot exist, replaced by a fixed one

pdfTeX warning (dest): name{figure.caption.26} has been referenced but does not
 exist, replaced by a fixed one

pdfTeX warning (dest): name{figure.caption.24} has been referenced but does not
 exist, replaced by a fixed one

pdfTeX warning (dest): name{figure.caption.22} has been referenced but does not
 exist, replaced by a fixed one

pdfTeX warning (dest): name{table.caption.21} has been referenced but does not 
exist, replaced by a fixed one

pdfTeX warning (dest): name{figure.caption.20} has been referenced but does not
 exist, replaced by a fixed one

pdfTeX warning (dest): name{figure.caption.18} has been referenced but does not
 exist, replaced by a fixed one

pdfTeX warning (dest): name{figure.caption.16} has been referenced but does not
 exist, replaced by a fixed one

pdfTeX warning (dest): name{figure.caption.14} has been referenced but does not
 exist, replaced by a fixed one

pdfTeX warning (dest): name{table.caption.19} has been referenced but does not 
exist, replaced by a fixed one

pdfTeX warning (dest): name{figure.caption.6} has been referenced but does not 
exist, replaced by a fixed one

pdfTeX warning (dest): name{figure.caption.30} has been referenced but does not
 exist, replaced by a fixed one

pdfTeX warning (dest): name{figure.caption.12} has been referenced but does not
 exist, replaced by a fixed one

pdfTeX warning (dest): name{table.caption.29} has been referenced but does not 
exist, replaced by a fixed one

pdfTeX warning (dest): name{table.caption.11} has been referenced but does not 
exist, replaced by a fixed one

pdfTeX warning (dest): name{table.caption.32} has been referenced but does not 
exist, replaced by a fixed one

pdfTeX warning (dest): name{chapter*.31} has been referenced but does not exist
, replaced by a fixed one

pdfTeX warning (dest): name{figure.caption.3} has been referenced but does not 
exist, replaced by a fixed one

pdfTeX warning (dest): name{table.caption.1} has been referenced but does not e
xist, replaced by a fixed one

{C:/Users/GanGss/AppData/Local/Programs/MiKTeX/fonts/enc/dvips/base/8r.enc}<C:/
Users/GanGss/AppData/Local/Programs/MiKTeX/fonts/type1/urw/helvetic/uhvb8a.pfb>
<C:/Users/GanGss/AppData/Local/Programs/MiKTeX/fonts/type1/urw/helvetic/uhvr8a.
pfb>
Output written on 00.pdf (39 pages, 27507085 bytes).
PDF statistics:
 488 PDF objects out of 1000 (max. 8388607)
 119 named destinations out of 1000 (max. 500000)
 419 words of extra memory for PDF output out of 10000 (max. 10000000)

